<?xml version="1.0" encoding="UTF-8"?>
<!-- Generated by org.testng.reporters.JUnitReportReporter -->
<testsuite skipped="0" hostname="Valentino-PC" name="prueba.PruebaTest" tests="1" failures="0" timestamp="2021-11-15T20:53:01 ART" time="5.750" errors="0">
  <testcase name="test3" time="5.750" classname="prueba.PruebaTest"/>
  <system-out/>
</testsuite> <!-- prueba.PruebaTest -->
